m_rawQuaternion>w: 1063211508 x: -49152410 y: -141497556 z: -8079437
m_rawQuaternion>w: 1063068350 x: -49562481 y: -142411179 z: -8354991
m_rawQuaternion>w: 1062942186 x: -49922683 y: -143207545 z: -8645151
m_rawQuaternion>w: 1062818620 x: -50285877 y: -143978015 z: -8930152
m_rawQuaternion>w: 1062698809 x: -50608561 y: -144728448 z: -9230235
m_rawQuaternion>w: 1062586728 x: -50947512 y: -145412966 z: -9506358
m_rawQuaternion>w: 1062488603 x: -51223175 y: -146014320 z: -9771292
m_rawQuaternion>w: 1062393519 x: -51493705 y: -146592156 z: -10032620
m_rawQuaternion>w: 1062305765 x: -51740256 y: -147120759 z: -10314801
m_rawQuaternion>w: 1062225797 x: -51984903 y: -147591201 z: -10595727
m_rawQuaternion>w: 1062148637 x: -52170827 y: -148059374 z: -10881398
m_rawQuaternion>w: 1062078589 x: -52397179 y: -148461816 z: -11144505
m_rawQuaternion>w: 1062010260 x: -52593035 y: -148860174 z: -11416330
m_rawQuaternion>w: 1061948409 x: -52761196 y: -149220044 z: -11692582
m_rawQuaternion>w: 1061891150 x: -52933651 y: -149544684 z: -11962716
m_rawQuaternion>w: 1061836743 x: -53139989 y: -149835400 z: -12236423
m_rawQuaternion>w: 1061788449 x: -53301214 y: -150097838 z: -12506550
m_rawQuaternion>w: 1061748177 x: -53427620 y: -150313250 z: -12795722
m_rawQuaternion>w: 1061707840 x: -53558356 y: -150529043 z: -13056679
m_rawQuaternion>w: 1061670186 x: -53696861 y: -150717868 z: -13367546
m_rawQuaternion>w: 1061635111 x: -53821061 y: -150896158 z: -13639558
m_rawQuaternion>w: 1061601173 x: -53938189 y: -151068969 z: -13902933
m_rawQuaternion>w: 1061573771 x: -54017971 y: -151205789 z: -14195095
m_rawQuaternion>w: 1061542588 x: -54104413 y: -151365945 z: -14487999
m_rawQuaternion>w: 1061511340 x: -54201755 y: -151522771 z: -14771558
m_rawQuaternion>w: 1061481712 x: -54293266 y: -151668967 z: -15061389
m_rawQuaternion>w: 1061452517 x: -54392180 y: -151808193 z: -15356501
m_rawQuaternion>w: 1061427367 x: -54477262 y: -151926452 z: -15621441
m_rawQuaternion>w: 1061402153 x: -54548934 y: -152048303 z: -15896561
m_rawQuaternion>w: 1061384214 x: -54631755 y: -152114640 z: -16172856
m_rawQuaternion>w: 1061366306 x: -54704954 y: -152184875 z: -16437783
m_rawQuaternion>w: 1061348783 x: -54778426 y: -152249837 z: -16720498
m_rawQuaternion>w: 1061330386 x: -54850157 y: -152317803 z: -17031264
m_rawQuaternion>w: 1061313412 x: -54940337 y: -152372281 z: -17308779
m_rawQuaternion>w: 1061301153 x: -54968444 y: -152414383 z: -17598117
m_rawQuaternion>w: 1061288525 x: -54992947 y: -152458493 z: -17898469
m_rawQuaternion>w: 1061277086 x: -55078048 y: -152474427 z: -18177190
m_rawQuaternion>w: 1061259160 x: -55142803 y: -152540274 z: -18472604
m_rawQuaternion>w: 1061251719 x: -55165210 y: -152548609 z: -18762037
m_rawQuaternion>w: 1061238052 x: -55225487 y: -152585260 z: -19057441
m_rawQuaternion>w: 1061222923 x: -55303623 y: -152626046 z: -19344538
m_rawQuaternion>w: 1061214861 x: -55388624 y: -152618222 z: -19603646
m_rawQuaternion>w: 1061208336 x: -55460586 y: -152598190 z: -19906991
m_rawQuaternion>w: 1061200453 x: -55537096 y: -152588596 z: -20185471
m_rawQuaternion>w: 1061187455 x: -55574381 y: -152627583 z: -20469490
m_rawQuaternion>w: 1061177053 x: -55635521 y: -152639047 z: -20755129
m_rawQuaternion>w: 1061171625 x: -55646502 y: -152633251 z: -21043858
m_rawQuaternion>w: 1061166202 x: -55703543 y: -152612216 z: -21317186
m_rawQuaternion>w: 1061157615 x: -55751481 y: -152614554 z: -21600723
m_rawQuaternion>w: 1061145344 x: -55843196 y: -152623343 z: -21902397
m_rawQuaternion>w: 1061141817 x: -55903540 y: -152586751 z: -22172643
m_rawQuaternion>w: 1061130064 x: -55888213 y: -152634486 z: -22443529
m_rawQuaternion>w: 1061115664 x: -55974172 y: -152662695 z: -22716647
m_rawQuaternion>w: 1061109197 x: -56020885 y: -152645326 z: -23018286
m_rawQuaternion>w: 1061097019 x: -56066912 y: -152666558 z: -23324737
m_rawQuaternion>w: 1061089274 x: -56128011 y: -152656349 z: -23595383
m_rawQuaternion>w: 1061076572 x: -56160358 y: -152687145 z: -23888556
m_rawQuaternion>w: 1061068958 x: -56186826 y: -152684412 z: -24180166
m_rawQuaternion>w: 1061059311 x: -56240902 y: -152685563 z: -24468831
m_rawQuaternion>w: 1061047824 x: -56264675 y: -152709454 z: -24761433
m_rawQuaternion>w: 1061039475 x: -56282236 y: -152718115 z: -25024462
m_rawQuaternion>w: 1061035578 x: -56325037 y: -152681482 z: -25315244
m_rawQuaternion>w: 1061024147 x: -56383610 y: -152689213 z: -25615557
m_rawQuaternion>w: 1061007452 x: -56423056 y: -152742803 z: -25899142
m_rawQuaternion>w: 1060997552 x: -56464126 y: -152747309 z: -26187048
m_rawQuaternion>w: 1060988381 x: -56510181 y: -152748553 z: -26450665
m_rawQuaternion>w: 1060978444 x: -56552779 y: -152754694 z: -26721392
m_rawQuaternion>w: 1060964699 x: -56589494 y: -152784993 z: -27014551
m_rawQuaternion>w: 1060953833 x: -56619911 y: -152800172 z: -27290330
m_rawQuaternion>w: 1060947418 x: -56650594 y: -152781551 z: -27578776
m_rawQuaternion>w: 1060944754 x: -56657581 y: -152744939 z: -27868180
m_rawQuaternion>w: 1060930116 x: -56743400 y: -152761733 z: -28157284
m_rawQuaternion>w: 1060917984 x: -56777059 y: -152783632 z: -28426433
m_rawQuaternion>w: 1060910769 x: -56805473 y: -152770150 z: -28710009
m_rawQuaternion>w: 1060904407 x: -56847081 y: -152745758 z: -28991134
m_rawQuaternion>w: 1060891140 x: -56880950 y: -152772555 z: -29267683
m_rawQuaternion>w: 1060881617 x: -56932970 y: -152767565 z: -29536516
m_rawQuaternion>w: 1060872184 x: -56984808 y: -152756704 z: -29830105
m_rawQuaternion>w: 1060866803 x: -57038555 y: -152722015 z: -30095181
m_rawQuaternion>w: 1060860285 x: -57048982 y: -152708537 z: -30372305
m_rawQuaternion>w: 1060860647 x: -57063330 y: -152640069 z: -30675358
m_rawQuaternion>w: 1060854739 x: -57109057 y: -152609075 z: -30947577
m_rawQuaternion>w: 1060849066 x: -57151719 y: -152575679 z: -31226698
m_rawQuaternion>w: 1060843099 x: -57209847 y: -152539765 z: -31497267
m_rawQuaternion>w: 1060836027 x: -57283947 y: -152505553 z: -31765286
m_rawQuaternion>w: 1060829447 x: -57352253 y: -152465102 z: -32054659
m_rawQuaternion>w: 1060820276 x: -57359750 y: -152465774 z: -32340278
m_rawQuaternion>w: 1060809500 x: -57428701 y: -152451105 z: -32639149
m_rawQuaternion>w: 1060805705 x: -57458878 y: -152405151 z: -32922742
m_rawQuaternion>w: 1060796031 x: -57501380 y: -152393568 z: -33212608
m_rawQuaternion>w: 1060788718 x: -57515002 y: -152380304 z: -33482350
m_rawQuaternion>w: 1060779594 x: -57553598 y: -152368496 z: -33757701
m_rawQuaternion>w: 1060768457 x: -57556880 y: -152374990 z: -34071284
m_rawQuaternion>w: 1060755247 x: -57656600 y: -152363594 z: -34363675
m_rawQuaternion>w: 1060746675 x: -57676897 y: -152349518 z: -34655390
m_rawQuaternion>w: 1060737148 x: -57749837 y: -152321545 z: -34947241
m_rawQuaternion>w: 1060723533 x: -57840513 y: -152318077 z: -35224563
m_rawQuaternion>w: 1060708120 x: -57900394 y: -152340087 z: -35494078
m_rawQuaternion>w: 1060696130 x: -57979447 y: -152328250 z: -35773067
m_rawQuaternion>w: 1060684713 x: -58017052 y: -152330356 z: -36040644
m_rawQuaternion>w: 1060681228 x: -58061727 y: -152270375 z: -36323624
m_rawQuaternion>w: 1060670523 x: -58110663 y: -152258025 z: -36608621
m_rawQuaternion>w: 1060662607 x: -58138040 y: -152238475 z: -36874835
m_rawQuaternion>w: 1060648604 x: -58169980 y: -152252733 z: -37167209
m_rawQuaternion>w: 1060642410 x: -58196892 y: -152211315 z: -37470250
m_rawQuaternion>w: 1060631606 x: -58209075 y: -152207188 z: -37772698
m_rawQuaternion>w: 1060625035 x: -58299059 y: -152149904 z: -38048210
m_rawQuaternion>w: 1060616964 x: -58300645 y: -152134001 z: -38333275
m_rawQuaternion>w: 1060599452 x: -58335190 y: -152165873 z: -38637530
m_rawQuaternion>w: 1060587591 x: -58345747 y: -152169412 z: -38932110
m_rawQuaternion>w: 1060584954 x: -58381233 y: -152099076 z: -39224521
m_rawQuaternion>w: 1060579088 x: -58410247 y: -152052129 z: -39520813
m_rawQuaternion>w: 1060568487 x: -58434703 y: -152040390 z: -39813245
m_rawQuaternion>w: 1060560094 x: -58489507 y: -152003937 z: -40094540
m_rawQuaternion>w: 1060549409 x: -58556555 y: -151975748 z: -40385108
m_rawQuaternion>w: 1060538552 x: -58613663 y: -151955307 z: -40663345
m_rawQuaternion>w: 1060524557 x: -58682816 y: -151953231 z: -40935438
m_rawQuaternion>w: 1060515220 x: -58710188 y: -151930310 z: -41222170
m_rawQuaternion>w: 1060499061 x: -58749215 y: -151952275 z: -41500390
m_rawQuaternion>w: 1060486387 x: -58807719 y: -151940069 z: -41785099
m_rawQuaternion>w: 1060479464 x: -58854838 y: -151895913 z: -42054151
m_rawQuaternion>w: 1060466461 x: -58905563 y: -151888731 z: -42336012
m_rawQuaternion>w: 1060440742 x: -58959860 y: -151966367 z: -42625057
m_rawQuaternion>w: 1060436005 x: -58977357 y: -151911246 z: -42914203
m_rawQuaternion>w: 1060418486 x: -58997950 y: -151917239 z: -43295889
m_rawQuaternion>w: 1060412836 x: -59048329 y: -151835316 z: -43651502
m_rawQuaternion>w: 1060400139 x: -59082253 y: -151824556 z: -43950432
m_rawQuaternion>w: 1060393612 x: -59118981 y: -151763912 z: -44266850
m_rawQuaternion>w: 1060377666 x: -59148071 y: -151778309 z: -44559635
m_rawQuaternion>w: 1060366367 x: -59190682 y: -151753372 z: -44855881
m_rawQuaternion>w: 1060351827 x: -59245059 y: -151745209 z: -45154428
m_rawQuaternion>w: 1060339953 x: -59319040 y: -151719941 z: -45420244
m_rawQuaternion>w: 1060325857 x: -59354537 y: -151715890 z: -45715521
m_rawQuaternion>w: 1060315822 x: -59370266 y: -151687234 z: -46021907
m_rawQuaternion>w: 1060298631 x: -59420202 y: -151695784 z: -46324361
m_rawQuaternion>w: 1060281225 x: -59448199 y: -151719941 z: -46606866
m_rawQuaternion>w: 1060267664 x: -59528211 y: -151693957 z: -46896906
m_rawQuaternion>w: 1060253224 x: -59549257 y: -151696148 z: -47188664
m_rawQuaternion>w: 1060246002 x: -59576694 y: -151645130 z: -47479383
m_rawQuaternion>w: 1060232129 x: -59582743 y: -151657313 z: -47741950
m_rawQuaternion>w: 1060225586 x: -59625547 y: -151604815 z: -47999846
m_rawQuaternion>w: 1060214512 x: -59678107 y: -151574215 z: -48274977
m_rawQuaternion>w: 1060208308 x: -59713568 y: -151515920 z: -48549599
m_rawQuaternion>w: 1060193622 x: -59752065 y: -151520392 z: -48808302
m_rawQuaternion>w: 1060182343 x: -59766492 y: -151501064 z: -49094791
m_rawQuaternion>w: 1060178279 x: -59816346 y: -151420540 z: -49369495
m_rawQuaternion>w: 1060163721 x: -59867962 y: -151404461 z: -49667948
m_rawQuaternion>w: 1060148349 x: -59936708 y: -151386929 z: -49965702
m_rawQuaternion>w: 1060134872 x: -59958618 y: -151376422 z: -50256352
m_rawQuaternion>w: 1060114947 x: -60028339 y: -151396348 z: -50532651
m_rawQuaternion>w: 1060096615 x: -60096695 y: -151399219 z: -50826512
m_rawQuaternion>w: 1060078406 x: -60138158 y: -151414177 z: -51111897
m_rawQuaternion>w: 1060065423 x: -60149752 y: -151402716 z: -51400654
m_rawQuaternion>w: 1060058296 x: -60208602 y: -151340867 z: -51660231
m_rawQuaternion>w: 1060041255 x: -60250323 y: -151347633 z: -51940671
m_rawQuaternion>w: 1060028461 x: -60230424 y: -151340121 z: -52245867
m_rawQuaternion>w: 1060014323 x: -60292997 y: -151314943 z: -52532672
m_rawQuaternion>w: 1060004473 x: -60332366 y: -151274998 z: -52800595
m_rawQuaternion>w: 1059992042 x: -60374969 y: -151240781 z: -53098634
m_rawQuaternion>w: 1059976613 x: -60427724 y: -151232260 z: -53370198
m_rawQuaternion>w: 1059961677 x: -60449113 y: -151223551 z: -53666476
m_rawQuaternion>w: 1059953484 x: -60481590 y: -151162872 z: -53961823
m_rawQuaternion>w: 1059935657 x: -60543138 y: -151159784 z: -54250852
m_rawQuaternion>w: 1059924848 x: -60574684 y: -151120577 z: -54535303
m_rawQuaternion>w: 1059913913 x: -60591740 y: -151084406 z: -54828326
m_rawQuaternion>w: 1059898635 x: -60620105 y: -151076564 z: -55113178
m_rawQuaternion>w: 1059887496 x: -60669913 y: -151029541 z: -55400721
m_rawQuaternion>w: 1059878699 x: -60755448 y: -150949515 z: -55692612
m_rawQuaternion>w: 1059848510 x: -60787316 y: -151031363 z: -56009553
m_rawQuaternion>w: 1059831128 x: -60830433 y: -151028058 z: -56299803
m_rawQuaternion>w: 1059810118 x: -60860145 y: -151059694 z: -56577644
m_rawQuaternion>w: 1059800306 x: -60891017 y: -151011181 z: -56857035
m_rawQuaternion>w: 1059786178 x: -60941447 y: -150981014 z: -57145738
m_rawQuaternion>w: 1059767437 x: -61002353 y: -150981883 z: -57425328
m_rawQuaternion>w: 1059757408 x: -61055146 y: -150926744 z: -57698591
m_rawQuaternion>w: 1059747335 x: -61089287 y: -150878419 z: -57973192
m_rawQuaternion>w: 1059734231 x: -61113039 y: -150851239 z: -58257747
m_rawQuaternion>w: 1059716837 x: -61114542 y: -150858499 z: -58553023
m_rawQuaternion>w: 1059698560 x: -61152747 y: -150861174 z: -58836334
m_rawQuaternion>w: 1059685777 x: -61188264 y: -150825096 z: -59121449
m_rawQuaternion>w: 1059672059 x: -61245062 y: -150785804 z: -59408048
m_rawQuaternion>w: 1059652248 x: -61277267 y: -150793966 z: -59706745
m_rawQuaternion>w: 1059634621 x: -61318062 y: -150785351 z: -59998727
m_rawQuaternion>w: 1059616300 x: -61376120 y: -150770108 z: -60300486
m_rawQuaternion>w: 1059600523 x: -61406390 y: -150756401 z: -60580519
m_rawQuaternion>w: 1059581829 x: -61439067 y: -150757619 z: -60870632
m_rawQuaternion>w: 1059567989 x: -61444672 y: -150734199 z: -61163182
m_rawQuaternion>w: 1059554095 x: -61474014 y: -150709709 z: -61434140
m_rawQuaternion>w: 1059540473 x: -61530542 y: -150666062 z: -61718881
m_rawQuaternion>w: 1059524542 x: -61583741 y: -150640260 z: -62001639
m_rawQuaternion>w: 1059507379 x: -61622568 y: -150636600 z: -62264692
m_rawQuaternion>w: 1059496611 x: -61606019 y: -150595076 z: -62564029
m_rawQuaternion>w: 1059482428 x: -61605429 y: -150577769 z: -62845805
m_rawQuaternion>w: 1059468867 x: -61660937 y: -150543817 z: -63100815
m_rawQuaternion>w: 1059459554 x: -61695162 y: -150473793 z: -63390091
m_rawQuaternion>w: 1059438815 x: -61754425 y: -150476082 z: -63672927
m_rawQuaternion>w: 1059422488 x: -61827416 y: -150441870 z: -63953981
m_rawQuaternion>w: 1059407150 x: -61856223 y: -150417900 z: -64235955
m_rawQuaternion>w: 1059388738 x: -61914950 y: -150401865 z: -64519947
m_rawQuaternion>w: 1059371671 x: -61980423 y: -150376881 z: -64794973
m_rawQuaternion>w: 1059352529 x: -62042077 y: -150357918 z: -65092246
m_rawQuaternion>w: 1059334283 x: -62082533 y: -150359714 z: -65345979
m_rawQuaternion>w: 1059311068 x: -62131989 y: -150368730 z: -65653842
m_rawQuaternion>w: 1059297969 x: -62176133 y: -150313893 z: -65948316
m_rawQuaternion>w: 1059282231 x: -62201688 y: -150288868 z: -66233418
m_rawQuaternion>w: 1059264684 x: -62240531 y: -150268811 z: -66522434
m_rawQuaternion>w: 1059242030 x: -62310246 y: -150269903 z: -66814787
m_rawQuaternion>w: 1059224915 x: -62353280 y: -150247496 z: -67095773
m_rawQuaternion>w: 1059207191 x: -62371827 y: -150232787 z: -67390623
m_rawQuaternion>w: 1059183563 x: -62423438 y: -150248676 z: -67678169
m_rawQuaternion>w: 1059169458 x: -62476945 y: -150210893 z: -67932931
m_rawQuaternion>w: 1059148717 x: -62520227 y: -150213367 z: -68210452
m_rawQuaternion>w: 1059132201 x: -62538596 y: -150196070 z: -68487589
m_rawQuaternion>w: 1059112649 x: -62549119 y: -150196404 z: -68778982
m_rawQuaternion>w: 1059086168 x: -62577301 y: -150240343 z: -69064562
m_rawQuaternion>w: 1059067287 x: -62622767 y: -150221476 z: -69353319
m_rawQuaternion>w: 1059043356 x: -62700096 y: -150228194 z: -69633769
m_rawQuaternion>w: 1059027569 x: -62701587 y: -150210426 z: -69910306
m_rawQuaternion>w: 1059006251 x: -62720432 y: -150222288 z: -70190286
m_rawQuaternion>w: 1058983985 x: -62778869 y: -150213157 z: -70492876
m_rawQuaternion>w: 1058967809 x: -62819992 y: -150179253 z: -70770926
m_rawQuaternion>w: 1058952741 x: -62839225 y: -150145961 z: -71049415
m_rawQuaternion>w: 1058935479 x: -62884364 y: -150115715 z: -71330111
m_rawQuaternion>w: 1058923581 x: -62940638 y: -150039859 z: -71616142
m_rawQuaternion>w: 1058898619 x: -62981057 y: -150056492 z: -71914223
m_rawQuaternion>w: 1058873001 x: -63022479 y: -150084428 z: -72196277
m_rawQuaternion>w: 1058851836 x: -63048217 y: -150091063 z: -72469914
m_rawQuaternion>w: 1058833575 x: -63077966 y: -150069290 z: -72755367
m_rawQuaternion>w: 1058808168 x: -63158418 y: -150079428 z: -73033880
m_rawQuaternion>w: 1058788104 x: -63170875 y: -150068181 z: -73336462
m_rawQuaternion>w: 1058766973 x: -63229327 y: -150053921 z: -73619791
m_rawQuaternion>w: 1058749256 x: -63302227 y: -150008734 z: -73903486
m_rawQuaternion>w: 1058723529 x: -63332899 y: -150043206 z: -74175284
m_rawQuaternion>w: 1058705981 x: -63408462 y: -149998725 z: -74450652
m_rawQuaternion>w: 1058682771 x: -63428899 y: -150019497 z: -74720947
m_rawQuaternion>w: 1058669572 x: -63445536 y: -149956250 z: -75020197
m_rawQuaternion>w: 1058651499 x: -63510459 y: -149925238 z: -75281827
m_rawQuaternion>w: 1058633129 x: -63582514 y: -149877056 z: -75574688
m_rawQuaternion>w: 1058612196 x: -63614820 y: -149867741 z: -75858672
m_rawQuaternion>w: 1058595485 x: -63659391 y: -149823139 z: -76142062
m_rawQuaternion>w: 1058581265 x: -63680039 y: -149781949 z: -76403085
m_rawQuaternion>w: 1058561348 x: -63689604 y: -149774049 z: -76686023
m_rawQuaternion>w: 1058542748 x: -63730293 y: -149747515 z: -76960285
m_rawQuaternion>w: 1058525403 x: -63799823 y: -149702986 z: -77227421
m_rawQuaternion>w: 1058498617 x: -63838080 y: -149729451 z: -77511120
m_rawQuaternion>w: 1058477387 x: -63852665 y: -149722237 z: -77802403
m_rawQuaternion>w: 1058462834 x: -63870080 y: -149658161 z: -78108779
m_rawQuaternion>w: 1058445330 x: -63917401 y: -149621841 z: -78376393
m_rawQuaternion>w: 1058421407 x: -64001222 y: -149604447 z: -78663734
m_rawQuaternion>w: 1058394421 x: -64071052 y: -149612727 z: -78953700
m_rawQuaternion>w: 1058369676 x: -64154195 y: -149607245 z: -79227806
m_rawQuaternion>w: 1058350205 x: -64139039 y: -149598133 z: -79516855
m_rawQuaternion>w: 1058330667 x: -64187308 y: -149561470 z: -79806394
m_rawQuaternion>w: 1058311902 x: -64220811 y: -149539950 z: -80068178
m_rawQuaternion>w: 1058288519 x: -64296824 y: -149532370 z: -80329968
m_rawQuaternion>w: 1058270840 x: -64320429 y: -149491824 z: -80618926
m_rawQuaternion>w: 1058253142 x: -64353469 y: -149451111 z: -80899870
m_rawQuaternion>w: 1058231193 x: -64402890 y: -149435890 z: -81175302
m_rawQuaternion>w: 1058201988 x: -64450346 y: -149465050 z: -81464157
m_rawQuaternion>w: 1058182647 x: -64489095 y: -149439279 z: -81731567
m_rawQuaternion>w: 1058163784 x: -64552845 y: -149403451 z: -81990546
m_rawQuaternion>w: 1058143015 x: -64576665 y: -149389716 z: -82264402
m_rawQuaternion>w: 1058121089 x: -64615809 y: -149370663 z: -82549786
m_rawQuaternion>w: 1058094069 x: -64668823 y: -149379950 z: -82837312
m_rawQuaternion>w: 1058080312 x: -64669719 y: -149319538 z: -83120762
m_rawQuaternion>w: 1058050515 x: -64744520 y: -149345669 z: -83394422
m_rawQuaternion>w: 1058024234 x: -64821429 y: -149342718 z: -83672936
m_rawQuaternion>w: 1058004291 x: -64864390 y: -149297475 z: -83972015
m_rawQuaternion>w: 1057980875 x: -64905219 y: -149290787 z: -84246936
m_rawQuaternion>w: 1057960938 x: -64920184 y: -149254228 z: -84549997
m_rawQuaternion>w: 1057938310 x: -64934711 y: -149248020 z: -84832474
m_rawQuaternion>w: 1057910723 x: -65020419 y: -149241653 z: -85121568
m_rawQuaternion>w: 1057888002 x: -65069512 y: -149217255 z: -85408713
m_rawQuaternion>w: 1057874463 x: -65097137 y: -149150967 z: -85670750
m_rawQuaternion>w: 1057945326 x: -65423648 y: -148319789 z: -85989420
m_rawQuaternion>w: 1057835197 x: -65244002 y: -149009344 z: -86288100
m_rawQuaternion>w: 1057810280 x: -65268051 y: -149010523 z: -86572866
m_rawQuaternion>w: 1057857809 x: -65399165 y: -148455227 z: -86846746
m_rawQuaternion>w: 1063571211 x: -60809931 y: -96201074 z: -93729849
m_rawQuaternion>w: 1028365835 x: -24019158 y: 267309055 z: -152818671
m_rawQuaternion>w: 778345230 x: 484717 y: 725575339 z: -143667013
m_rawQuaternion>w: 463784781 x: 59157399 y: 953785368 z: -156904284
m_rawQuaternion>w: 151471799 x: 98761800 y: 1046790280 z: -156377716
m_rawQuaternion>w: -89468629 x: 128266914 y: 1050740349 z: -156234388
m_rawQuaternion>w: -262829612 x: 139076128 y: 1020264640 z: -153492645
m_rawQuaternion>w: -363168688 x: 127670462 y: 992330370 z: -141459175
m_rawQuaternion>w: -280877406 x: 126492874 y: 1019497981 z: -136575229
m_rawQuaternion>w: -102653309 x: 122527132 y: 1051086932 z: -150290262
m_rawQuaternion>w: 74192979 x: 117059213 y: 1053481863 z: -154563918
m_rawQuaternion>w: 293499574 x: 94207868 y: 1016606072 z: -156257694
m_rawQuaternion>w: 585215750 x: 71693711 y: 880287084 z: -174352072
m_rawQuaternion>w: 861984647 x: 26458054 y: 617061187 z: -168639542
m_rawQuaternion>w: 1046061465 x: -93948697 y: 181477022 z: -130063288
m_rawQuaternion>w: 985297287 x: -198308669 y: -371650562 z: -68263198
m_rawQuaternion>w: 731045102 x: -261956368 y: -741504827 z: 6612441
m_rawQuaternion>w: 385738847 x: -300964648 y: -953669446 z: 63731379
m_rawQuaternion>w: -4996205 x: -282845449 y: -1023517222 z: 159083197
m_rawQuaternion>w: -353142540 x: -241596283 y: -964570987 z: 198609885
m_rawQuaternion>w: -492660785 x: -190971158 y: -906119152 z: 229532017
m_rawQuaternion>w: -646390608 x: -142252903 y: -814706053 z: 226094763
m_rawQuaternion>w: -793969686 x: -89126762 y: -687811224 z: 203729665
m_rawQuaternion>w: -913264099 x: -45742135 y: -528252696 z: 194234239
m_rawQuaternion>w: -960350263 x: -31717479 y: -440898757 z: 187752939
m_rawQuaternion>w: -975884398 x: -21676738 y: -410664567 z: 177358059
m_rawQuaternion>w: -954929587 x: -35076880 y: -457125601 z: 175604064
m_rawQuaternion>w: -845440777 x: -112377311 y: -631333174 z: 164137629
m_rawQuaternion>w: -809982835 x: -114000593 y: -673818169 z: 172691189
m_rawQuaternion>w: -726852758 x: -122362611 y: -761980723 z: 170350653
m_rawQuaternion>w: -718845188 x: -131996427 y: -773204763 z: 144618262
m_rawQuaternion>w: -716071113 x: -141890080 y: -777223956 z: 126308334
m_rawQuaternion>w: -695111316 x: -143087783 y: -796714752 z: 120470976
m_rawQuaternion>w: -649998034 x: -148009185 y: -832946501 z: 121315588
m_rawQuaternion>w: -616290305 x: -143997665 y: -859600501 z: 116014732
m_rawQuaternion>w: -390935444 x: -170602143 y: -972907121 z: 156324843
m_rawQuaternion>w: 178639672 x: -207730518 y: -1017427246 z: 206637400
m_rawQuaternion>w: 665744380 x: -231227641 y: -792021979 z: 170119845
m_rawQuaternion>w: 907888436 x: -209169773 y: -530279661 z: 60922429
m_rawQuaternion>w: 1013825613 x: -155530803 y: -316667661 z: -24716270
m_rawQuaternion>w: 1038108009 x: -135548917 y: -236681167 z: -29356156
m_rawQuaternion>w: 1063751723 x: -108143019 y: -88658378 z: -42408895
m_rawQuaternion>w: 1067837245 x: -99549171 y: -31727742 z: -41574470
m_rawQuaternion>w: 1067181456 x: -104267636 y: -42551704 z: -36916880
m_rawQuaternion>w: 1065734997 x: -121069196 y: -38341358 z: -31664044
m_rawQuaternion>w: 1049955814 x: -221808576 y: -36135685 z: -3074367
m_rawQuaternion>w: 951467468 x: -436611062 y: -235818528 z: 37303315
m_rawQuaternion>w: 811357613 x: -635630635 y: -292922472 z: 69212973
m_rawQuaternion>w: 667804092 x: -815447110 y: -204946792 z: 1414160
m_rawQuaternion>w: 497517183 x: -938185740 y: -108525945 z: -115878307
m_rawQuaternion>w: 348699378 x: -994558133 y: -106671998 z: -175514822
m_rawQuaternion>w: 220509205 x: -1029214823 y: -122306392 z: -173364328
m_rawQuaternion>w: 154574821 x: -1039404844 y: -121776201 z: -183946345
m_rawQuaternion>w: 146135502 x: -1039470908 y: -105392345 z: -199896494
m_rawQuaternion>w: 200812564 x: -1034468317 y: -96915272 z: -181875099
m_rawQuaternion>w: 319161225 x: -1010729250 y: -91163978 z: -145509891
m_rawQuaternion>w: 480649402 x: -950264001 y: -85953816 z: -107274987
m_rawQuaternion>w: 655355663 x: -846071103 y: -27468223 z: -82702110
m_rawQuaternion>w: 812362009 x: -698359429 y: 53115836 z: -49621303
m_rawQuaternion>w: 939490710 x: -500699258 y: 138620864 z: -19057967
m_rawQuaternion>w: 1018165623 x: -311784994 y: 136354176 z: 21399070
m_rawQuaternion>w: 1059899469 x: -170933699 y: -9133435 z: 15259900
m_rawQuaternion>w: 1062489670 x: -90270012 y: -112828692 z: -56198012
m_rawQuaternion>w: 1066470029 x: -96015475 y: -16651977 z: -77890445
m_rawQuaternion>w: 1064677296 x: -101375744 y: 29656136 z: -90704092
m_rawQuaternion>w: 1054483236 x: -118157146 y: 134981840 z: -93837097
m_rawQuaternion>w: 1047760901 x: -136785753 y: 161346386 z: -101860686
m_rawQuaternion>w: 1066108854 x: -87675551 y: 17154507 z: -91389670
m_rawQuaternion>w: 1021496146 x: 257158911 y: -175443228 z: -112053509
m_rawQuaternion>w: 936838342 x: 433942846 y: -276065546 z: -103618708
m_rawQuaternion>w: 836747012 x: 584176507 y: -331531898 z: -40004326
m_rawQuaternion>w: 722782324 x: 725846961 y: -321634242 z: -14311155
m_rawQuaternion>w: 545069331 x: 887429166 y: -261136380 z: -9908163
m_rawQuaternion>w: 377450642 x: 993588792 y: -151443289 z: 17284576
m_rawQuaternion>w: 288612918 x: 1032492750 y: -59706752 z: 4232482
m_rawQuaternion>w: 268455101 x: 1039404437 y: -13155330 z: 17852626
m_rawQuaternion>w: 284112387 x: 1035455134 y: 5353609 z: 2379017
m_rawQuaternion>w: 311164216 x: 1027600329 y: -3696139 z: -11056100
m_rawQuaternion>w: 373269444 x: 1005580540 y: -41697255 z: -25701038
m_rawQuaternion>w: 462582680 x: 959643209 y: -118633995 z: -62846222
m_rawQuaternion>w: 625301946 x: 843124579 y: -225540227 z: 13837270
m_rawQuaternion>w: 898834606 x: 550660441 y: -171241128 z: 111656654
m_rawQuaternion>w: 1057342795 x: 164685260 y: -63397628 z: 61702609
m_rawQuaternion>w: 1072449210 x: 30446672 y: -36751986 z: 22282019
m_rawQuaternion>w: 1070871059 x: 3303859 y: -75314542 z: 21759662
m_rawQuaternion>w: 1068967294 x: -51496375 y: -77809006 z: 39042444
m_rawQuaternion>w: 1061885226 x: -42971118 y: -148254955 z: 38668091
m_rawQuaternion>w: 1048610854 x: -48987306 y: -219976968 z: 50469395
m_rawQuaternion>w: 1026931259 x: -75210420 y: -294448953 z: 77310429
m_rawQuaternion>w: 1030428864 x: -78634428 y: -281077859 z: 77134461
m_rawQuaternion>w: 1038554045 x: -54779288 y: -260576105 z: 58534807
m_rawQuaternion>w: 1052784478 x: -18986098 y: -207957574 z: 30976148
m_rawQuaternion>w: 1062651841 x: -50420861 y: -139390021 z: 41481633
m_rawQuaternion>w: 1062467841 x: -49044281 y: -142127183 z: 38446257
m_rawQuaternion>w: 1062396706 x: -49026791 y: -142760604 z: 38085803
m_rawQuaternion>w: 1062336068 x: -48983957 y: -143305647 z: 37784220
m_rawQuaternion>w: 1062278845 x: -48921295 y: -143834965 z: 37461589
m_rawQuaternion>w: 1062222136 x: -48863957 y: -144355109 z: 37142367
m_rawQuaternion>w: 1062166742 x: -48858583 y: -144842473 z: 36834957
m_rawQuaternion>w: 1062125609 x: -48768244 y: -145252765 z: 36523804
m_rawQuaternion>w: 1062085162 x: -48723470 y: -145639969 z: 36216531
m_rawQuaternion>w: 1062042826 x: -48707180 y: -146026995 z: 35920325
m_rawQuaternion>w: 1062016551 x: -48625229 y: -146316422 z: 35629223
m_rawQuaternion>w: 1061985569 x: -48600424 y: -146620103 z: 35336954
m_rawQuaternion>w: 1061957820 x: -48593769 y: -146895260 z: 35035982
m_rawQuaternion>w: 1061932203 x: -48556700 y: -147160984 z: 34747546
m_rawQuaternion>w: 1061908399 x: -48568563 y: -147395286 z: 34464182
m_rawQuaternion>w: 1061888324 x: -48545980 y: -147613400 z: 34179856
m_rawQuaternion>w: 1061870754 x: -48561449 y: -147800387 z: 33894490
m_rawQuaternion>w: 1061851976 x: -48566157 y: -148001243 z: 33598285
